<?xml version="1.0" encoding="UTF-8"?>
<!-- Generated by org.testng.reporters.JUnitReportReporter -->
<testsuite skipped="0" hostname="thinkcube-Aspire-5742" name="kiosks.NewTest" tests="1" failures="0" timestamp="04 May 2018 10:21:01 GMT" time="0.002" errors="0">
  <testcase name="f" time="0.002" classname="kiosks.NewTest"/>
</testsuite> <!-- kiosks.NewTest -->
