<?xml version="1.0" encoding="UTF-8"?>
<!-- Generated by org.testng.reporters.JUnitReportReporter -->
<testsuite skipped="0" hostname="thinkcube-Aspire-5742" name="user.createUser" tests="1" failures="0" timestamp="29 Jun 2018 09:05:07 GMT" time="6.847" errors="0">
  <testcase name="sendKeys" time="6.847" classname="user.createUser"/>
</testsuite> <!-- user.createUser -->
