<?xml version="1.0" encoding="UTF-8"?>
<!-- Generated by org.testng.reporters.JUnitReportReporter -->
<testsuite skipped="0" hostname="thinkcube-Aspire-5742" name="kiosks.viewKiosks" tests="1" failures="0" timestamp="06 Jul 2018 07:12:19 GMT" time="2.052" errors="0">
  <testcase name="viewKiosk" time="2.052" classname="kiosks.viewKiosks"/>
</testsuite> <!-- kiosks.viewKiosks -->
