<?xml version="1.0" encoding="UTF-8"?>
<!-- Generated by org.testng.reporters.JUnitReportReporter -->
<testsuite skipped="0" hostname="thinkcube-Aspire-5742" name="kiosks.updateKiosk" tests="1" failures="0" timestamp="06 Jul 2018 07:12:19 GMT" time="1.646" errors="0">
  <testcase name="editKiosk" time="1.646" classname="kiosks.updateKiosk"/>
</testsuite> <!-- kiosks.updateKiosk -->
