<?xml version="1.0" encoding="UTF-8"?>
<!-- Generated by org.testng.reporters.JUnitReportReporter -->
<testsuite skipped="1" hostname="thinkcube-Aspire-5742" name="driver.driverDetails" tests="1" failures="0" timestamp="08 May 2018 11:44:20 GMT" time="0.001" errors="0">
  <testcase name="drivers" time="0.001" classname="driver.driverDetails">
    <skipped/>
  </testcase> <!-- drivers -->
</testsuite> <!-- driver.driverDetails -->
