<?xml version="1.0" encoding="UTF-8"?>
<!-- Generated by org.testng.reporters.JUnitReportReporter -->
<testsuite skipped="0" hostname="thinkcube-Aspire-5742" name="kiosks.viewKiosks" tests="1" failures="0" timestamp="29 Jun 2018 09:05:07 GMT" time="1.505" errors="0">
  <testcase name="viewKiosk" time="1.505" classname="kiosks.viewKiosks"/>
</testsuite> <!-- kiosks.viewKiosks -->
