<?xml version="1.0" encoding="UTF-8"?>
<!-- Generated by org.testng.reporters.JUnitReportReporter -->
<testsuite skipped="0" hostname="thinkcube-Aspire-5742" name="user.createUser" tests="1" failures="0" timestamp="06 Jul 2018 07:12:19 GMT" time="7.753" errors="0">
  <testcase name="sendKeys" time="7.753" classname="user.createUser"/>
</testsuite> <!-- user.createUser -->
