<?xml version="1.0" encoding="UTF-8"?>
<!-- Generated by org.testng.reporters.JUnitReportReporter -->
<testsuite skipped="0" hostname="thinkcube-Aspire-5742" name="user.updateUser" tests="1" failures="0" timestamp="06 Jul 2018 07:12:19 GMT" time="5.399" errors="0">
  <testcase name="sendKyes" time="5.399" classname="user.updateUser"/>
</testsuite> <!-- user.updateUser -->
