<?xml version="1.0" encoding="UTF-8"?>
<!-- Generated by org.testng.reporters.JUnitReportReporter -->
<testsuite skipped="0" hostname="thinkcube-Aspire-5742" name="Cheques.validateCheque" tests="1" failures="0" timestamp="29 Jun 2018 09:05:07 GMT" time="23.761" errors="0">
  <testcase name="chequeValidation" time="23.761" classname="Cheques.validateCheque"/>
</testsuite> <!-- Cheques.validateCheque -->
