<?xml version="1.0" encoding="UTF-8"?>
<!-- Generated by org.testng.reporters.JUnitReportReporter -->
<testsuite skipped="0" hostname="thinkcube-Aspire-5742" name="Cheques.userEnteredAmountValidation" tests="1" failures="0" timestamp="09 Jul 2018 10:33:17 GMT" time="18.704" errors="0">
  <testcase name="amountValidation" time="18.704" classname="Cheques.userEnteredAmountValidation"/>
</testsuite> <!-- Cheques.userEnteredAmountValidation -->
