<?xml version="1.0" encoding="UTF-8"?>
<!-- Generated by org.testng.reporters.JUnitReportReporter -->
<testsuite skipped="0" hostname="thinkcube-Aspire-5742" name="user.viewUser" tests="1" failures="0" timestamp="06 Jul 2018 07:12:19 GMT" time="0.315" errors="0">
  <testcase name="viewUsers" time="0.315" classname="user.viewUser"/>
</testsuite> <!-- user.viewUser -->
