<?xml version="1.0" encoding="UTF-8"?>
<!-- Generated by org.testng.reporters.JUnitReportReporter -->
<testsuite skipped="0" hostname="thinkcube-Aspire-5742" name="Cheques.rejectCheque" tests="1" failures="0" timestamp="10 Jul 2018 09:46:01 GMT" time="17.731" errors="0">
  <testcase name="rejectCheques" time="17.731" classname="Cheques.rejectCheque"/>
</testsuite> <!-- Cheques.rejectCheque -->
