<?xml version="1.0" encoding="UTF-8"?>
<!-- Generated by org.testng.reporters.JUnitReportReporter -->
<testsuite skipped="0" hostname="thinkcube-Aspire-5742" name="loginTestNG.login" tests="4" failures="0" timestamp="09 Jul 2018 10:33:17 GMT" time="2.734" errors="0">
  <testcase name="beforeSuite" time="0.671" classname="loginTestNG.login"/>
  <testcase name="beforeSuite" time="0.983" classname="loginTestNG.login"/>
  <testcase name="beforeSuite" time="0.526" classname="loginTestNG.login"/>
  <testcase name="beforeSuite" time="0.554" classname="loginTestNG.login"/>
</testsuite> <!-- loginTestNG.login -->
