<?xml version="1.0" encoding="UTF-8"?>
<!-- Generated by org.testng.reporters.JUnitReportReporter -->
<testsuite skipped="0" hostname="thinkcube-Aspire-5742" name="loginTestNG.login" tests="4" failures="0" timestamp="10 Jul 2018 09:46:01 GMT" time="2.776" errors="0">
  <testcase name="beforeSuite" time="0.561" classname="loginTestNG.login"/>
  <testcase name="beforeSuite" time="1.034" classname="loginTestNG.login"/>
  <testcase name="beforeSuite" time="0.588" classname="loginTestNG.login"/>
  <testcase name="beforeSuite" time="0.593" classname="loginTestNG.login"/>
</testsuite> <!-- loginTestNG.login -->
