<?xml version="1.0" encoding="UTF-8"?>
<!-- Generated by org.testng.reporters.JUnitReportReporter -->
<testsuite skipped="0" hostname="thinkcube-Aspire-5742" name="loginTestNG.login" tests="4" failures="0" timestamp="06 Aug 2018 05:01:58 GMT" time="14.177" errors="0">
  <testcase name="beforeSuite" time="0.514" classname="loginTestNG.login"/>
  <testcase name="beforeSuite" time="0.589" classname="loginTestNG.login"/>
  <testcase name="beforeSuite" time="12.268" classname="loginTestNG.login"/>
  <testcase name="beforeSuite" time="0.806" classname="loginTestNG.login"/>
</testsuite> <!-- loginTestNG.login -->
